0 info it worked if it ends with ok
1 verbose cli [ '/home/mark/.nvm/versions/node/v6.17.1/bin/node',
1 verbose cli   '/home/mark/.nvm/versions/node/v6.17.1/bin/npm',
1 verbose cli   'start' ]
2 info using npm@3.10.10
3 info using node@v6.17.1
4 verbose run-script [ 'prestart', 'start', 'poststart' ]
5 info lifecycle test@0.1.0~prestart: test@0.1.0
6 silly lifecycle test@0.1.0~prestart: no script for prestart, continuing
7 info lifecycle test@0.1.0~start: test@0.1.0
8 verbose lifecycle test@0.1.0~start: unsafe-perm in lifecycle true
9 verbose lifecycle test@0.1.0~start: PATH: /home/mark/.nvm/versions/node/v6.17.1/lib/node_modules/npm/bin/node-gyp-bin:/home/mark/GIT/GITHUB/react-card-game/node_modules/.bin:/home/mark/.nvm/versions/node/v6.17.1/bin:.:/home/mark/scripts:/home/mark/scripts/GIT:/home/mark/scripts/MECOMPLEX:/home/mark/scripts/MESIMPLE:/home/mark/scripts/MESIMPLE/SVN:/home/mark/scripts/SELENIUM:/home/mark/scripts/SH-UNIT:/home/mark/scripts/UTILS:/home/mark/bin:/home/mark/.local/bin:/usr/local/sbin:/usr/local/bin:/usr/sbin:/usr/bin:/sbin:/bin:/usr/games:/usr/local/games:/snap/bin
10 verbose lifecycle test@0.1.0~start: CWD: /home/mark/GIT/GITHUB/react-card-game
11 silly lifecycle test@0.1.0~start: Args: [ '-c', 'react-scripts start' ]
12 silly lifecycle test@0.1.0~start: Returned: code: 1  signal: null
13 info lifecycle test@0.1.0~start: Failed to exec start script
14 verbose stack Error: test@0.1.0 start: `react-scripts start`
14 verbose stack Exit status 1
14 verbose stack     at EventEmitter.<anonymous> (/home/mark/.nvm/versions/node/v6.17.1/lib/node_modules/npm/lib/utils/lifecycle.js:255:16)
14 verbose stack     at emitTwo (events.js:106:13)
14 verbose stack     at EventEmitter.emit (events.js:191:7)
14 verbose stack     at ChildProcess.<anonymous> (/home/mark/.nvm/versions/node/v6.17.1/lib/node_modules/npm/lib/utils/spawn.js:40:14)
14 verbose stack     at emitTwo (events.js:106:13)
14 verbose stack     at ChildProcess.emit (events.js:191:7)
14 verbose stack     at maybeClose (internal/child_process.js:920:16)
14 verbose stack     at Process.ChildProcess._handle.onexit (internal/child_process.js:230:5)
15 verbose pkgid test@0.1.0
16 verbose cwd /home/mark/GIT/GITHUB/react-card-game
17 error Linux 5.4.0-74-generic
18 error argv "/home/mark/.nvm/versions/node/v6.17.1/bin/node" "/home/mark/.nvm/versions/node/v6.17.1/bin/npm" "start"
19 error node v6.17.1
20 error npm  v3.10.10
21 error code ELIFECYCLE
22 error test@0.1.0 start: `react-scripts start`
22 error Exit status 1
23 error Failed at the test@0.1.0 start script 'react-scripts start'.
23 error Make sure you have the latest version of node.js and npm installed.
23 error If you do, this is most likely a problem with the test package,
23 error not with npm itself.
23 error Tell the author that this fails on your system:
23 error     react-scripts start
23 error You can get information on how to open an issue for this project with:
23 error     npm bugs test
23 error Or if that isn't available, you can get their info via:
23 error     npm owner ls test
23 error There is likely additional logging output above.
24 verbose exit [ 1, true ]
